Analysis & Synthesis report for LectureHall
Sun Dec 09 19:44:09 2018
Quartus Prime Version 15.1.0 Build 185 10/21/2015 SJ Lite Edition


---------------------
; Table of Contents ;
---------------------
  1. Legal Notice
  2. Analysis & Synthesis Summary
  3. Analysis & Synthesis Settings
  4. Parallel Compilation
  5. Analysis & Synthesis Source Files Read
  6. Analysis & Synthesis Resource Usage Summary
  7. Analysis & Synthesis Resource Utilization by Entity
  8. Registers Removed During Synthesis
  9. General Register Statistics
 10. Multiplexer Restructuring Statistics (Restructuring Performed)
 11. Parameter Settings for Inferred Entity Instance: sonic:X|lpm_divide:Div0
 12. Parameter Settings for Inferred Entity Instance: sonic:Y|lpm_divide:Div0
 13. Parameter Settings for Inferred Entity Instance: lpm_mult:Mult0
 14. lpm_mult Parameter Settings by Entity Instance
 15. Post-Synthesis Netlist Statistics for Top Partition
 16. Elapsed Time Per Partition
 17. Analysis & Synthesis Messages



----------------
; Legal Notice ;
----------------
Copyright (C) 1991-2015 Altera Corporation. All rights reserved.
Your use of Altera Corporation's design tools, logic functions 
and other software and tools, and its AMPP partner logic 
functions, and any output files from any of the foregoing 
(including device programming or simulation files), and any 
associated documentation or information are expressly subject 
to the terms and conditions of the Altera Program License 
Subscription Agreement, the Altera Quartus Prime License Agreement,
the Altera MegaCore Function License Agreement, or other 
applicable license agreement, including, without limitation, 
that your use is for the sole purpose of programming logic 
devices manufactured by Altera and sold by Altera or its 
authorized distributors.  Please refer to the applicable 
agreement for further details.



+----------------------------------------------------------------------------------+
; Analysis & Synthesis Summary                                                     ;
+------------------------------------+---------------------------------------------+
; Analysis & Synthesis Status        ; Successful - Sun Dec 09 19:44:09 2018       ;
; Quartus Prime Version              ; 15.1.0 Build 185 10/21/2015 SJ Lite Edition ;
; Revision Name                      ; LectureHall                                 ;
; Top-level Entity Name              ; LectureHall                                 ;
; Family                             ; MAX 10                                      ;
; Total logic elements               ; 1,414                                       ;
;     Total combinational functions  ; 1,414                                       ;
;     Dedicated logic registers      ; 194                                         ;
; Total registers                    ; 194                                         ;
; Total pins                         ; 42                                          ;
; Total virtual pins                 ; 0                                           ;
; Total memory bits                  ; 0                                           ;
; Embedded Multiplier 9-bit elements ; 0                                           ;
; Total PLLs                         ; 0                                           ;
; UFM blocks                         ; 0                                           ;
; ADC blocks                         ; 0                                           ;
+------------------------------------+---------------------------------------------+


+----------------------------------------------------------------------------------------------------------------------+
; Analysis & Synthesis Settings                                                                                        ;
+----------------------------------------------------------------------------+--------------------+--------------------+
; Option                                                                     ; Setting            ; Default Value      ;
+----------------------------------------------------------------------------+--------------------+--------------------+
; Device                                                                     ; 10M50DAF484C7G     ;                    ;
; Top-level entity name                                                      ; LectureHall        ; LectureHall        ;
; Family name                                                                ; MAX 10             ; Cyclone V          ;
; Use smart compilation                                                      ; Off                ; Off                ;
; Enable parallel Assembler and TimeQuest Timing Analyzer during compilation ; On                 ; On                 ;
; Enable compact report table                                                ; Off                ; Off                ;
; Restructure Multiplexers                                                   ; Auto               ; Auto               ;
; Create Debugging Nodes for IP Cores                                        ; Off                ; Off                ;
; Preserve fewer node names                                                  ; On                 ; On                 ;
; Disable OpenCore Plus hardware evaluation                                  ; Off                ; Off                ;
; Verilog Version                                                            ; Verilog_2001       ; Verilog_2001       ;
; VHDL Version                                                               ; VHDL_1993          ; VHDL_1993          ;
; State Machine Processing                                                   ; Auto               ; Auto               ;
; Safe State Machine                                                         ; Off                ; Off                ;
; Extract Verilog State Machines                                             ; On                 ; On                 ;
; Extract VHDL State Machines                                                ; On                 ; On                 ;
; Ignore Verilog initial constructs                                          ; Off                ; Off                ;
; Iteration limit for constant Verilog loops                                 ; 5000               ; 5000               ;
; Iteration limit for non-constant Verilog loops                             ; 250                ; 250                ;
; Add Pass-Through Logic to Inferred RAMs                                    ; On                 ; On                 ;
; Infer RAMs from Raw Logic                                                  ; On                 ; On                 ;
; Parallel Synthesis                                                         ; On                 ; On                 ;
; DSP Block Balancing                                                        ; Auto               ; Auto               ;
; NOT Gate Push-Back                                                         ; On                 ; On                 ;
; Power-Up Don't Care                                                        ; On                 ; On                 ;
; Remove Redundant Logic Cells                                               ; Off                ; Off                ;
; Remove Duplicate Registers                                                 ; On                 ; On                 ;
; Ignore CARRY Buffers                                                       ; Off                ; Off                ;
; Ignore CASCADE Buffers                                                     ; Off                ; Off                ;
; Ignore GLOBAL Buffers                                                      ; Off                ; Off                ;
; Ignore ROW GLOBAL Buffers                                                  ; Off                ; Off                ;
; Ignore LCELL Buffers                                                       ; Off                ; Off                ;
; Ignore SOFT Buffers                                                        ; On                 ; On                 ;
; Limit AHDL Integers to 32 Bits                                             ; Off                ; Off                ;
; Optimization Technique                                                     ; Balanced           ; Balanced           ;
; Carry Chain Length                                                         ; 70                 ; 70                 ;
; Auto Carry Chains                                                          ; On                 ; On                 ;
; Auto Open-Drain Pins                                                       ; On                 ; On                 ;
; Perform WYSIWYG Primitive Resynthesis                                      ; Off                ; Off                ;
; Auto ROM Replacement                                                       ; On                 ; On                 ;
; Auto RAM Replacement                                                       ; On                 ; On                 ;
; Auto DSP Block Replacement                                                 ; On                 ; On                 ;
; Auto Shift Register Replacement                                            ; Auto               ; Auto               ;
; Allow Shift Register Merging across Hierarchies                            ; Auto               ; Auto               ;
; Auto Clock Enable Replacement                                              ; On                 ; On                 ;
; Strict RAM Replacement                                                     ; Off                ; Off                ;
; Allow Synchronous Control Signals                                          ; On                 ; On                 ;
; Force Use of Synchronous Clear Signals                                     ; Off                ; Off                ;
; Auto RAM Block Balancing                                                   ; On                 ; On                 ;
; Auto RAM to Logic Cell Conversion                                          ; Off                ; Off                ;
; Auto Resource Sharing                                                      ; Off                ; Off                ;
; Allow Any RAM Size For Recognition                                         ; Off                ; Off                ;
; Allow Any ROM Size For Recognition                                         ; Off                ; Off                ;
; Allow Any Shift Register Size For Recognition                              ; Off                ; Off                ;
; Use LogicLock Constraints during Resource Balancing                        ; On                 ; On                 ;
; Ignore translate_off and synthesis_off directives                          ; Off                ; Off                ;
; Timing-Driven Synthesis                                                    ; On                 ; On                 ;
; Report Parameter Settings                                                  ; On                 ; On                 ;
; Report Source Assignments                                                  ; On                 ; On                 ;
; Report Connectivity Checks                                                 ; On                 ; On                 ;
; Ignore Maximum Fan-Out Assignments                                         ; Off                ; Off                ;
; Synchronization Register Chain Length                                      ; 2                  ; 2                  ;
; PowerPlay Power Optimization During Synthesis                              ; Normal compilation ; Normal compilation ;
; HDL message level                                                          ; Level2             ; Level2             ;
; Suppress Register Optimization Related Messages                            ; Off                ; Off                ;
; Number of Removed Registers Reported in Synthesis Report                   ; 5000               ; 5000               ;
; Number of Swept Nodes Reported in Synthesis Report                         ; 5000               ; 5000               ;
; Number of Inverted Registers Reported in Synthesis Report                  ; 100                ; 100                ;
; Clock MUX Protection                                                       ; On                 ; On                 ;
; Auto Gated Clock Conversion                                                ; Off                ; Off                ;
; Block Design Naming                                                        ; Auto               ; Auto               ;
; SDC constraint protection                                                  ; Off                ; Off                ;
; Synthesis Effort                                                           ; Auto               ; Auto               ;
; Shift Register Replacement - Allow Asynchronous Clear Signal               ; On                 ; On                 ;
; Pre-Mapping Resynthesis Optimization                                       ; Off                ; Off                ;
; Analysis & Synthesis Message Level                                         ; Medium             ; Medium             ;
; Disable Register Merging Across Hierarchies                                ; Auto               ; Auto               ;
; Resource Aware Inference For Block RAM                                     ; On                 ; On                 ;
; Synthesis Seed                                                             ; 1                  ; 1                  ;
+----------------------------------------------------------------------------+--------------------+--------------------+


Parallel compilation was disabled, but you have multiple processors available. Enable parallel compilation to reduce compilation time.
+-------------------------------------+
; Parallel Compilation                ;
+----------------------------+--------+
; Processors                 ; Number ;
+----------------------------+--------+
; Number detected on machine ; 4      ;
; Maximum allowed            ; 1      ;
+----------------------------+--------+


+-----------------------------------------------------------------------------------------------------------------------------------------------------------------------+
; Analysis & Synthesis Source Files Read                                                                                                                                ;
+----------------------------------+-----------------+------------------------------+-------------------------------------------------------------------------+---------+
; File Name with User-Entered Path ; Used in Netlist ; File Type                    ; File Name with Absolute Path                                            ; Library ;
+----------------------------------+-----------------+------------------------------+-------------------------------------------------------------------------+---------+
; LectureHall.v                    ; yes             ; User Verilog HDL File        ; C:/Users/mahmoud/Desktop/LectureHall/LectureHall.v                      ;         ;
; lpm_divide.tdf                   ; yes             ; Megafunction                 ; c:/altera_lite/15.1/quartus/libraries/megafunctions/lpm_divide.tdf      ;         ;
; abs_divider.inc                  ; yes             ; Megafunction                 ; c:/altera_lite/15.1/quartus/libraries/megafunctions/abs_divider.inc     ;         ;
; sign_div_unsign.inc              ; yes             ; Megafunction                 ; c:/altera_lite/15.1/quartus/libraries/megafunctions/sign_div_unsign.inc ;         ;
; aglobal151.inc                   ; yes             ; Megafunction                 ; c:/altera_lite/15.1/quartus/libraries/megafunctions/aglobal151.inc      ;         ;
; db/lpm_divide_ptl.tdf            ; yes             ; Auto-Generated Megafunction  ; C:/Users/mahmoud/Desktop/LectureHall/db/lpm_divide_ptl.tdf              ;         ;
; db/sign_div_unsign_rlh.tdf       ; yes             ; Auto-Generated Megafunction  ; C:/Users/mahmoud/Desktop/LectureHall/db/sign_div_unsign_rlh.tdf         ;         ;
; db/alt_u_div_0ie.tdf             ; yes             ; Auto-Generated Megafunction  ; C:/Users/mahmoud/Desktop/LectureHall/db/alt_u_div_0ie.tdf               ;         ;
; db/add_sub_t3c.tdf               ; yes             ; Auto-Generated Megafunction  ; C:/Users/mahmoud/Desktop/LectureHall/db/add_sub_t3c.tdf                 ;         ;
; db/add_sub_u3c.tdf               ; yes             ; Auto-Generated Megafunction  ; C:/Users/mahmoud/Desktop/LectureHall/db/add_sub_u3c.tdf                 ;         ;
; lpm_mult.tdf                     ; yes             ; Megafunction                 ; c:/altera_lite/15.1/quartus/libraries/megafunctions/lpm_mult.tdf        ;         ;
; lpm_add_sub.inc                  ; yes             ; Megafunction                 ; c:/altera_lite/15.1/quartus/libraries/megafunctions/lpm_add_sub.inc     ;         ;
; multcore.inc                     ; yes             ; Megafunction                 ; c:/altera_lite/15.1/quartus/libraries/megafunctions/multcore.inc        ;         ;
; bypassff.inc                     ; yes             ; Megafunction                 ; c:/altera_lite/15.1/quartus/libraries/megafunctions/bypassff.inc        ;         ;
; altshift.inc                     ; yes             ; Megafunction                 ; c:/altera_lite/15.1/quartus/libraries/megafunctions/altshift.inc        ;         ;
; multcore.tdf                     ; yes             ; Megafunction                 ; c:/altera_lite/15.1/quartus/libraries/megafunctions/multcore.tdf        ;         ;
; csa_add.inc                      ; yes             ; Megafunction                 ; c:/altera_lite/15.1/quartus/libraries/megafunctions/csa_add.inc         ;         ;
; mpar_add.inc                     ; yes             ; Megafunction                 ; c:/altera_lite/15.1/quartus/libraries/megafunctions/mpar_add.inc        ;         ;
; muleabz.inc                      ; yes             ; Megafunction                 ; c:/altera_lite/15.1/quartus/libraries/megafunctions/muleabz.inc         ;         ;
; mul_lfrg.inc                     ; yes             ; Megafunction                 ; c:/altera_lite/15.1/quartus/libraries/megafunctions/mul_lfrg.inc        ;         ;
; mul_boothc.inc                   ; yes             ; Megafunction                 ; c:/altera_lite/15.1/quartus/libraries/megafunctions/mul_boothc.inc      ;         ;
; alt_ded_mult.inc                 ; yes             ; Megafunction                 ; c:/altera_lite/15.1/quartus/libraries/megafunctions/alt_ded_mult.inc    ;         ;
; alt_ded_mult_y.inc               ; yes             ; Megafunction                 ; c:/altera_lite/15.1/quartus/libraries/megafunctions/alt_ded_mult_y.inc  ;         ;
; dffpipe.inc                      ; yes             ; Megafunction                 ; c:/altera_lite/15.1/quartus/libraries/megafunctions/dffpipe.inc         ;         ;
; mpar_add.tdf                     ; yes             ; Megafunction                 ; c:/altera_lite/15.1/quartus/libraries/megafunctions/mpar_add.tdf        ;         ;
; altshift.tdf                     ; yes             ; Megafunction                 ; c:/altera_lite/15.1/quartus/libraries/megafunctions/altshift.tdf        ;         ;
+----------------------------------+-----------------+------------------------------+-------------------------------------------------------------------------+---------+


+---------------------------------------------------------+
; Analysis & Synthesis Resource Usage Summary             ;
+---------------------------------------------+-----------+
; Resource                                    ; Usage     ;
+---------------------------------------------+-----------+
; Estimated Total logic elements              ; 1,414     ;
;                                             ;           ;
; Total combinational functions               ; 1414      ;
; Logic element usage by number of LUT inputs ;           ;
;     -- 4 input functions                    ; 363       ;
;     -- 3 input functions                    ; 373       ;
;     -- <=2 input functions                  ; 678       ;
;                                             ;           ;
; Logic elements by mode                      ;           ;
;     -- normal mode                          ; 941       ;
;     -- arithmetic mode                      ; 473       ;
;                                             ;           ;
; Total registers                             ; 194       ;
;     -- Dedicated logic registers            ; 194       ;
;     -- I/O registers                        ; 0         ;
;                                             ;           ;
; I/O pins                                    ; 42        ;
;                                             ;           ;
; Embedded Multiplier 9-bit elements          ; 0         ;
;                                             ;           ;
; Maximum fan-out node                        ; CLK~input ;
; Maximum fan-out                             ; 175       ;
; Total fan-out                               ; 4434      ;
; Average fan-out                             ; 2.62      ;
+---------------------------------------------+-----------+


+-----------------------------------------------------------------------------------------------------------------------------------------------------------------------------------------------------------------------------------------------------------------------------------------------------------------------+
; Analysis & Synthesis Resource Utilization by Entity                                                                                                                                                                                                                                                                   ;
+-------------------------------------------+-------------------+--------------+-------------+------------+--------------+---------+-----------+------+--------------+------------+----------------------------------------------------------------------------------------------------------------------+--------------+
; Compilation Hierarchy Node                ; LC Combinationals ; LC Registers ; Memory Bits ; UFM Blocks ; DSP Elements ; DSP 9x9 ; DSP 18x18 ; Pins ; Virtual Pins ; ADC blocks ; Full Hierarchy Name                                                                                                  ; Library Name ;
+-------------------------------------------+-------------------+--------------+-------------+------------+--------------+---------+-----------+------+--------------+------------+----------------------------------------------------------------------------------------------------------------------+--------------+
; |LectureHall                              ; 1414 (184)        ; 194 (45)     ; 0           ; 0          ; 0            ; 0       ; 0         ; 42   ; 0            ; 0          ; |LectureHall                                                                                                         ; work         ;
;    |lpm_mult:Mult0|                       ; 3 (0)             ; 0 (0)        ; 0           ; 0          ; 0            ; 0       ; 0         ; 0    ; 0            ; 0          ; |LectureHall|lpm_mult:Mult0                                                                                          ; work         ;
;       |multcore:mult_core|                ; 3 (3)             ; 0 (0)        ; 0           ; 0          ; 0            ; 0       ; 0         ; 0    ; 0            ; 0          ; |LectureHall|lpm_mult:Mult0|multcore:mult_core                                                                       ; work         ;
;    |sonic:X|                              ; 642 (130)         ; 95 (95)      ; 0           ; 0          ; 0            ; 0       ; 0         ; 0    ; 0            ; 0          ; |LectureHall|sonic:X                                                                                                 ; work         ;
;       |lpm_divide:Div0|                   ; 512 (0)           ; 0 (0)        ; 0           ; 0          ; 0            ; 0       ; 0         ; 0    ; 0            ; 0          ; |LectureHall|sonic:X|lpm_divide:Div0                                                                                 ; work         ;
;          |lpm_divide_ptl:auto_generated|  ; 512 (0)           ; 0 (0)        ; 0           ; 0          ; 0            ; 0       ; 0         ; 0    ; 0            ; 0          ; |LectureHall|sonic:X|lpm_divide:Div0|lpm_divide_ptl:auto_generated                                                   ; work         ;
;             |sign_div_unsign_rlh:divider| ; 512 (0)           ; 0 (0)        ; 0           ; 0          ; 0            ; 0       ; 0         ; 0    ; 0            ; 0          ; |LectureHall|sonic:X|lpm_divide:Div0|lpm_divide_ptl:auto_generated|sign_div_unsign_rlh:divider                       ; work         ;
;                |alt_u_div_0ie:divider|    ; 512 (512)         ; 0 (0)        ; 0           ; 0          ; 0            ; 0       ; 0         ; 0    ; 0            ; 0          ; |LectureHall|sonic:X|lpm_divide:Div0|lpm_divide_ptl:auto_generated|sign_div_unsign_rlh:divider|alt_u_div_0ie:divider ; work         ;
;    |sonic:Y|                              ; 585 (73)          ; 54 (54)      ; 0           ; 0          ; 0            ; 0       ; 0         ; 0    ; 0            ; 0          ; |LectureHall|sonic:Y                                                                                                 ; work         ;
;       |lpm_divide:Div0|                   ; 512 (0)           ; 0 (0)        ; 0           ; 0          ; 0            ; 0       ; 0         ; 0    ; 0            ; 0          ; |LectureHall|sonic:Y|lpm_divide:Div0                                                                                 ; work         ;
;          |lpm_divide_ptl:auto_generated|  ; 512 (0)           ; 0 (0)        ; 0           ; 0          ; 0            ; 0       ; 0         ; 0    ; 0            ; 0          ; |LectureHall|sonic:Y|lpm_divide:Div0|lpm_divide_ptl:auto_generated                                                   ; work         ;
;             |sign_div_unsign_rlh:divider| ; 512 (0)           ; 0 (0)        ; 0           ; 0          ; 0            ; 0       ; 0         ; 0    ; 0            ; 0          ; |LectureHall|sonic:Y|lpm_divide:Div0|lpm_divide_ptl:auto_generated|sign_div_unsign_rlh:divider                       ; work         ;
;                |alt_u_div_0ie:divider|    ; 512 (512)         ; 0 (0)        ; 0           ; 0          ; 0            ; 0       ; 0         ; 0    ; 0            ; 0          ; |LectureHall|sonic:Y|lpm_divide:Div0|lpm_divide_ptl:auto_generated|sign_div_unsign_rlh:divider|alt_u_div_0ie:divider ; work         ;
+-------------------------------------------+-------------------+--------------+-------------+------------+--------------+---------+-----------+------+--------------+------------+----------------------------------------------------------------------------------------------------------------------+--------------+
Note: For table entries with two numbers listed, the numbers in parentheses indicate the number of resources of the given type used by the specific entity alone. The numbers listed outside of parentheses indicate the total resources of the given type used by the specific entity and all of its sub-entities in the hierarchy.


+-------------------------------------------------------------------------------+
; Registers Removed During Synthesis                                            ;
+----------------------------------------+--------------------------------------+
; Register name                          ; Reason for Removal                   ;
+----------------------------------------+--------------------------------------+
; sonic:Y|_trig                          ; Merged with sonic:X|_trig            ;
; sonic:Y|ten_us_cnt[9]                  ; Merged with sonic:X|ten_us_cnt[9]    ;
; sonic:Y|ten_us_cnt[8]                  ; Merged with sonic:X|ten_us_cnt[8]    ;
; sonic:Y|ten_us_cnt[7]                  ; Merged with sonic:X|ten_us_cnt[7]    ;
; sonic:Y|ten_us_cnt[6]                  ; Merged with sonic:X|ten_us_cnt[6]    ;
; sonic:Y|ten_us_cnt[5]                  ; Merged with sonic:X|ten_us_cnt[5]    ;
; sonic:Y|ten_us_cnt[4]                  ; Merged with sonic:X|ten_us_cnt[4]    ;
; sonic:Y|ten_us_cnt[3]                  ; Merged with sonic:X|ten_us_cnt[3]    ;
; sonic:Y|ten_us_cnt[2]                  ; Merged with sonic:X|ten_us_cnt[2]    ;
; sonic:Y|ten_us_cnt[1]                  ; Merged with sonic:X|ten_us_cnt[1]    ;
; sonic:Y|ten_us_cnt[0]                  ; Merged with sonic:X|ten_us_cnt[0]    ;
; sonic:Y|forty_ms_cnt[21]               ; Merged with sonic:X|forty_ms_cnt[21] ;
; sonic:Y|forty_ms_cnt[20]               ; Merged with sonic:X|forty_ms_cnt[20] ;
; sonic:Y|forty_ms_cnt[19]               ; Merged with sonic:X|forty_ms_cnt[19] ;
; sonic:Y|forty_ms_cnt[18]               ; Merged with sonic:X|forty_ms_cnt[18] ;
; sonic:Y|forty_ms_cnt[17]               ; Merged with sonic:X|forty_ms_cnt[17] ;
; sonic:Y|forty_ms_cnt[16]               ; Merged with sonic:X|forty_ms_cnt[16] ;
; sonic:Y|forty_ms_cnt[15]               ; Merged with sonic:X|forty_ms_cnt[15] ;
; sonic:Y|forty_ms_cnt[14]               ; Merged with sonic:X|forty_ms_cnt[14] ;
; sonic:Y|forty_ms_cnt[13]               ; Merged with sonic:X|forty_ms_cnt[13] ;
; sonic:Y|forty_ms_cnt[12]               ; Merged with sonic:X|forty_ms_cnt[12] ;
; sonic:Y|forty_ms_cnt[11]               ; Merged with sonic:X|forty_ms_cnt[11] ;
; sonic:Y|forty_ms_cnt[10]               ; Merged with sonic:X|forty_ms_cnt[10] ;
; sonic:Y|forty_ms_cnt[9]                ; Merged with sonic:X|forty_ms_cnt[9]  ;
; sonic:Y|forty_ms_cnt[8]                ; Merged with sonic:X|forty_ms_cnt[8]  ;
; sonic:Y|forty_ms_cnt[7]                ; Merged with sonic:X|forty_ms_cnt[7]  ;
; sonic:Y|forty_ms_cnt[6]                ; Merged with sonic:X|forty_ms_cnt[6]  ;
; sonic:Y|forty_ms_cnt[5]                ; Merged with sonic:X|forty_ms_cnt[5]  ;
; sonic:Y|forty_ms_cnt[4]                ; Merged with sonic:X|forty_ms_cnt[4]  ;
; sonic:Y|forty_ms_cnt[3]                ; Merged with sonic:X|forty_ms_cnt[3]  ;
; sonic:Y|forty_ms_cnt[2]                ; Merged with sonic:X|forty_ms_cnt[2]  ;
; sonic:Y|forty_ms_cnt[1]                ; Merged with sonic:X|forty_ms_cnt[1]  ;
; sonic:Y|forty_ms_cnt[0]                ; Merged with sonic:X|forty_ms_cnt[0]  ;
; sonic:Y|one_us_cnt[9]                  ; Merged with sonic:X|one_us_cnt[9]    ;
; sonic:Y|one_us_cnt[8]                  ; Merged with sonic:X|one_us_cnt[8]    ;
; sonic:Y|one_us_cnt[7]                  ; Merged with sonic:X|one_us_cnt[7]    ;
; sonic:Y|one_us_cnt[6]                  ; Merged with sonic:X|one_us_cnt[6]    ;
; sonic:Y|one_us_cnt[5]                  ; Merged with sonic:X|one_us_cnt[5]    ;
; sonic:Y|one_us_cnt[4]                  ; Merged with sonic:X|one_us_cnt[4]    ;
; sonic:Y|one_us_cnt[3]                  ; Merged with sonic:X|one_us_cnt[3]    ;
; sonic:Y|one_us_cnt[2]                  ; Merged with sonic:X|one_us_cnt[2]    ;
; sonic:Y|one_us_cnt[1]                  ; Merged with sonic:X|one_us_cnt[1]    ;
; sonic:Y|one_us_cnt[0]                  ; Merged with sonic:X|one_us_cnt[0]    ;
; sonic:X|one_us_cnt[0]                  ; Merged with sonic:X|ten_us_cnt[0]    ;
; sonic:X|forty_ms_cnt[0]                ; Merged with sonic:X|ten_us_cnt[0]    ;
; count1[0]                              ; Merged with AC[0]                    ;
; Total Number of Removed Registers = 46 ;                                      ;
+----------------------------------------+--------------------------------------+


+------------------------------------------------------+
; General Register Statistics                          ;
+----------------------------------------------+-------+
; Statistic                                    ; Value ;
+----------------------------------------------+-------+
; Total registers                              ; 194   ;
; Number of registers using Synchronous Clear  ; 92    ;
; Number of registers using Synchronous Load   ; 0     ;
; Number of registers using Asynchronous Clear ; 0     ;
; Number of registers using Asynchronous Load  ; 0     ;
; Number of registers using Clock Enable       ; 108   ;
; Number of registers using Preset             ; 0     ;
+----------------------------------------------+-------+


+---------------------------------------------------------------------------------------------------------------------------------------------------+
; Multiplexer Restructuring Statistics (Restructuring Performed)                                                                                    ;
+--------------------+-----------+---------------+----------------------+------------------------+------------+-------------------------------------+
; Multiplexer Inputs ; Bus Width ; Baseline Area ; Area if Restructured ; Saving if Restructured ; Registered ; Example Multiplexer Output          ;
+--------------------+-----------+---------------+----------------------+------------------------+------------+-------------------------------------+
; 3:1                ; 33 bits   ; 66 LEs        ; 33 LEs               ; 33 LEs                 ; Yes        ; |LectureHall|sonic:X|us_counter[26] ;
; 3:1                ; 33 bits   ; 66 LEs        ; 33 LEs               ; 33 LEs                 ; Yes        ; |LectureHall|sonic:Y|us_counter[25] ;
; 3:1                ; 4 bits    ; 8 LEs         ; 8 LEs                ; 0 LEs                  ; No         ; |LectureHall|count1                 ;
; 3:1                ; 4 bits    ; 8 LEs         ; 8 LEs                ; 0 LEs                  ; No         ; |LectureHall|count2                 ;
; 3:1                ; 4 bits    ; 8 LEs         ; 8 LEs                ; 0 LEs                  ; No         ; |LectureHall|count1                 ;
; 3:1                ; 4 bits    ; 8 LEs         ; 8 LEs                ; 0 LEs                  ; No         ; |LectureHall|count2                 ;
; 3:1                ; 2 bits    ; 4 LEs         ; 2 LEs                ; 2 LEs                  ; No         ; |LectureHall|temp2                  ;
; 8:1                ; 3 bits    ; 15 LEs        ; 12 LEs               ; 3 LEs                  ; No         ; |LectureHall|temp1                  ;
; 256:1              ; 2 bits    ; 340 LEs       ; 124 LEs              ; 216 LEs                ; No         ; |LectureHall|temp1                  ;
+--------------------+-----------+---------------+----------------------+------------------------+------------+-------------------------------------+


+--------------------------------------------------------------------------+
; Parameter Settings for Inferred Entity Instance: sonic:X|lpm_divide:Div0 ;
+------------------------+----------------+--------------------------------+
; Parameter Name         ; Value          ; Type                           ;
+------------------------+----------------+--------------------------------+
; LPM_WIDTHN             ; 33             ; Untyped                        ;
; LPM_WIDTHD             ; 6              ; Untyped                        ;
; LPM_NREPRESENTATION    ; UNSIGNED       ; Untyped                        ;
; LPM_DREPRESENTATION    ; UNSIGNED       ; Untyped                        ;
; LPM_PIPELINE           ; 0              ; Untyped                        ;
; LPM_REMAINDERPOSITIVE  ; TRUE           ; Untyped                        ;
; MAXIMIZE_SPEED         ; 5              ; Untyped                        ;
; CBXI_PARAMETER         ; lpm_divide_ptl ; Untyped                        ;
; CARRY_CHAIN            ; MANUAL         ; Untyped                        ;
; OPTIMIZE_FOR_SPEED     ; 5              ; Untyped                        ;
; AUTO_CARRY_CHAINS      ; ON             ; AUTO_CARRY                     ;
; IGNORE_CARRY_BUFFERS   ; OFF            ; IGNORE_CARRY                   ;
; AUTO_CASCADE_CHAINS    ; ON             ; AUTO_CASCADE                   ;
; IGNORE_CASCADE_BUFFERS ; OFF            ; IGNORE_CASCADE                 ;
+------------------------+----------------+--------------------------------+
Note: In order to hide this table in the UI and the text report file, please set the "Show Parameter Settings in Synthesis Report" option in "Analysis and Synthesis Settings -> More Settings" to "Off".


+--------------------------------------------------------------------------+
; Parameter Settings for Inferred Entity Instance: sonic:Y|lpm_divide:Div0 ;
+------------------------+----------------+--------------------------------+
; Parameter Name         ; Value          ; Type                           ;
+------------------------+----------------+--------------------------------+
; LPM_WIDTHN             ; 33             ; Untyped                        ;
; LPM_WIDTHD             ; 6              ; Untyped                        ;
; LPM_NREPRESENTATION    ; UNSIGNED       ; Untyped                        ;
; LPM_DREPRESENTATION    ; UNSIGNED       ; Untyped                        ;
; LPM_PIPELINE           ; 0              ; Untyped                        ;
; LPM_REMAINDERPOSITIVE  ; TRUE           ; Untyped                        ;
; MAXIMIZE_SPEED         ; 5              ; Untyped                        ;
; CBXI_PARAMETER         ; lpm_divide_ptl ; Untyped                        ;
; CARRY_CHAIN            ; MANUAL         ; Untyped                        ;
; OPTIMIZE_FOR_SPEED     ; 5              ; Untyped                        ;
; AUTO_CARRY_CHAINS      ; ON             ; AUTO_CARRY                     ;
; IGNORE_CARRY_BUFFERS   ; OFF            ; IGNORE_CARRY                   ;
; AUTO_CASCADE_CHAINS    ; ON             ; AUTO_CASCADE                   ;
; IGNORE_CASCADE_BUFFERS ; OFF            ; IGNORE_CASCADE                 ;
+------------------------+----------------+--------------------------------+
Note: In order to hide this table in the UI and the text report file, please set the "Show Parameter Settings in Synthesis Report" option in "Analysis and Synthesis Settings -> More Settings" to "Off".


+---------------------------------------------------------------------------------+
; Parameter Settings for Inferred Entity Instance: lpm_mult:Mult0                 ;
+------------------------------------------------+----------+---------------------+
; Parameter Name                                 ; Value    ; Type                ;
+------------------------------------------------+----------+---------------------+
; AUTO_CARRY_CHAINS                              ; ON       ; AUTO_CARRY          ;
; IGNORE_CARRY_BUFFERS                           ; OFF      ; IGNORE_CARRY        ;
; AUTO_CASCADE_CHAINS                            ; ON       ; AUTO_CASCADE        ;
; IGNORE_CASCADE_BUFFERS                         ; OFF      ; IGNORE_CASCADE      ;
; LPM_WIDTHA                                     ; 4        ; Untyped             ;
; LPM_WIDTHB                                     ; 7        ; Untyped             ;
; LPM_WIDTHP                                     ; 11       ; Untyped             ;
; LPM_WIDTHR                                     ; 11       ; Untyped             ;
; LPM_WIDTHS                                     ; 1        ; Untyped             ;
; LPM_REPRESENTATION                             ; UNSIGNED ; Untyped             ;
; LPM_PIPELINE                                   ; 0        ; Untyped             ;
; LATENCY                                        ; 0        ; Untyped             ;
; INPUT_A_IS_CONSTANT                            ; NO       ; Untyped             ;
; INPUT_B_IS_CONSTANT                            ; YES      ; Untyped             ;
; USE_EAB                                        ; OFF      ; Untyped             ;
; MAXIMIZE_SPEED                                 ; 5        ; Untyped             ;
; DEVICE_FAMILY                                  ; MAX 10   ; Untyped             ;
; CARRY_CHAIN                                    ; MANUAL   ; Untyped             ;
; APEX20K_TECHNOLOGY_MAPPER                      ; LUT      ; TECH_MAPPER_APEX20K ;
; DEDICATED_MULTIPLIER_CIRCUITRY                 ; AUTO     ; Untyped             ;
; DEDICATED_MULTIPLIER_MIN_INPUT_WIDTH_FOR_AUTO  ; 0        ; Untyped             ;
; DEDICATED_MULTIPLIER_MIN_OUTPUT_WIDTH_FOR_AUTO ; 0        ; Untyped             ;
; CBXI_PARAMETER                                 ; NOTHING  ; Untyped             ;
; INPUT_A_FIXED_VALUE                            ; Bx       ; Untyped             ;
; INPUT_B_FIXED_VALUE                            ; Bx       ; Untyped             ;
; USE_AHDL_IMPLEMENTATION                        ; OFF      ; Untyped             ;
+------------------------------------------------+----------+---------------------+
Note: In order to hide this table in the UI and the text report file, please set the "Show Parameter Settings in Synthesis Report" option in "Analysis and Synthesis Settings -> More Settings" to "Off".


+--------------------------------------------------------+
; lpm_mult Parameter Settings by Entity Instance         ;
+---------------------------------------+----------------+
; Name                                  ; Value          ;
+---------------------------------------+----------------+
; Number of entity instances            ; 1              ;
; Entity Instance                       ; lpm_mult:Mult0 ;
;     -- LPM_WIDTHA                     ; 4              ;
;     -- LPM_WIDTHB                     ; 7              ;
;     -- LPM_WIDTHP                     ; 11             ;
;     -- LPM_REPRESENTATION             ; UNSIGNED       ;
;     -- INPUT_A_IS_CONSTANT            ; NO             ;
;     -- INPUT_B_IS_CONSTANT            ; YES            ;
;     -- USE_EAB                        ; OFF            ;
;     -- DEDICATED_MULTIPLIER_CIRCUITRY ; AUTO           ;
;     -- INPUT_A_FIXED_VALUE            ; Bx             ;
;     -- INPUT_B_FIXED_VALUE            ; Bx             ;
+---------------------------------------+----------------+


+-----------------------------------------------------+
; Post-Synthesis Netlist Statistics for Top Partition ;
+-----------------------+-----------------------------+
; Type                  ; Count                       ;
+-----------------------+-----------------------------+
; boundary_port         ; 42                          ;
; cycloneiii_ff         ; 194                         ;
;     ENA               ; 42                          ;
;     ENA SCLR          ; 66                          ;
;     SCLR              ; 26                          ;
;     plain             ; 60                          ;
; cycloneiii_lcell_comb ; 1421                        ;
;     arith             ; 473                         ;
;         2 data inputs ; 125                         ;
;         3 data inputs ; 348                         ;
;     normal            ; 948                         ;
;         0 data inputs ; 58                          ;
;         1 data inputs ; 53                          ;
;         2 data inputs ; 449                         ;
;         3 data inputs ; 25                          ;
;         4 data inputs ; 363                         ;
;                       ;                             ;
; Max LUT depth         ; 71.70                       ;
; Average LUT depth     ; 49.87                       ;
+-----------------------+-----------------------------+


+-------------------------------+
; Elapsed Time Per Partition    ;
+----------------+--------------+
; Partition Name ; Elapsed Time ;
+----------------+--------------+
; Top            ; 00:00:02     ;
+----------------+--------------+


+-------------------------------+
; Analysis & Synthesis Messages ;
+-------------------------------+
Info: *******************************************************************
Info: Running Quartus Prime Analysis & Synthesis
    Info: Version 15.1.0 Build 185 10/21/2015 SJ Lite Edition
    Info: Processing started: Sun Dec 09 19:43:49 2018
Info: Command: quartus_map --read_settings_files=on --write_settings_files=off LectureHall -c LectureHall
Warning (20028): Parallel compilation is not licensed and has been disabled
Info (12021): Found 2 design units, including 2 entities, in source file lecturehall.v
    Info (12023): Found entity 1: LectureHall File: C:/Users/mahmoud/Desktop/LectureHall/LectureHall.v Line: 1
    Info (12023): Found entity 2: sonic File: C:/Users/mahmoud/Desktop/LectureHall/LectureHall.v Line: 206
Warning (10227): Verilog HDL Port Declaration warning at LectureHall.v(6): data type declaration for "out1" declares packed dimensions but the port declaration declaration does not File: C:/Users/mahmoud/Desktop/LectureHall/LectureHall.v Line: 6
Info (10499): HDL info at LectureHall.v(2): see declaration for object "out1" File: C:/Users/mahmoud/Desktop/LectureHall/LectureHall.v Line: 2
Warning (10227): Verilog HDL Port Declaration warning at LectureHall.v(6): data type declaration for "out2" declares packed dimensions but the port declaration declaration does not File: C:/Users/mahmoud/Desktop/LectureHall/LectureHall.v Line: 6
Info (10499): HDL info at LectureHall.v(2): see declaration for object "out2" File: C:/Users/mahmoud/Desktop/LectureHall/LectureHall.v Line: 2
Warning (10227): Verilog HDL Port Declaration warning at LectureHall.v(6): data type declaration for "out3" declares packed dimensions but the port declaration declaration does not File: C:/Users/mahmoud/Desktop/LectureHall/LectureHall.v Line: 6
Info (10499): HDL info at LectureHall.v(2): see declaration for object "out3" File: C:/Users/mahmoud/Desktop/LectureHall/LectureHall.v Line: 2
Warning (10227): Verilog HDL Port Declaration warning at LectureHall.v(15): data type declaration for "temp1" declares packed dimensions but the port declaration declaration does not File: C:/Users/mahmoud/Desktop/LectureHall/LectureHall.v Line: 15
Info (10499): HDL info at LectureHall.v(2): see declaration for object "temp1" File: C:/Users/mahmoud/Desktop/LectureHall/LectureHall.v Line: 2
Warning (10227): Verilog HDL Port Declaration warning at LectureHall.v(16): data type declaration for "temp2" declares packed dimensions but the port declaration declaration does not File: C:/Users/mahmoud/Desktop/LectureHall/LectureHall.v Line: 16
Info (10499): HDL info at LectureHall.v(2): see declaration for object "temp2" File: C:/Users/mahmoud/Desktop/LectureHall/LectureHall.v Line: 2
Warning (10227): Verilog HDL Port Declaration warning at LectureHall.v(209): data type declaration for "distance" declares packed dimensions but the port declaration declaration does not File: C:/Users/mahmoud/Desktop/LectureHall/LectureHall.v Line: 209
Info (10499): HDL info at LectureHall.v(208): see declaration for object "distance" File: C:/Users/mahmoud/Desktop/LectureHall/LectureHall.v Line: 208
Info (12127): Elaborating entity "LectureHall" for the top level hierarchy
Warning (10230): Verilog HDL assignment warning at LectureHall.v(13): truncated value with size 32 to match size of target (1) File: C:/Users/mahmoud/Desktop/LectureHall/LectureHall.v Line: 13
Warning (10230): Verilog HDL assignment warning at LectureHall.v(86): truncated value with size 32 to match size of target (26) File: C:/Users/mahmoud/Desktop/LectureHall/LectureHall.v Line: 86
Warning (10230): Verilog HDL assignment warning at LectureHall.v(104): truncated value with size 32 to match size of target (4) File: C:/Users/mahmoud/Desktop/LectureHall/LectureHall.v Line: 104
Warning (10230): Verilog HDL assignment warning at LectureHall.v(108): truncated value with size 32 to match size of target (4) File: C:/Users/mahmoud/Desktop/LectureHall/LectureHall.v Line: 108
Warning (10230): Verilog HDL assignment warning at LectureHall.v(114): truncated value with size 32 to match size of target (4) File: C:/Users/mahmoud/Desktop/LectureHall/LectureHall.v Line: 114
Warning (10230): Verilog HDL assignment warning at LectureHall.v(126): truncated value with size 32 to match size of target (4) File: C:/Users/mahmoud/Desktop/LectureHall/LectureHall.v Line: 126
Warning (10230): Verilog HDL assignment warning at LectureHall.v(130): truncated value with size 32 to match size of target (4) File: C:/Users/mahmoud/Desktop/LectureHall/LectureHall.v Line: 130
Warning (10230): Verilog HDL assignment warning at LectureHall.v(136): truncated value with size 32 to match size of target (4) File: C:/Users/mahmoud/Desktop/LectureHall/LectureHall.v Line: 136
Warning (10230): Verilog HDL assignment warning at LectureHall.v(140): truncated value with size 32 to match size of target (8) File: C:/Users/mahmoud/Desktop/LectureHall/LectureHall.v Line: 140
Info (12128): Elaborating entity "sonic" for hierarchy "sonic:X" File: C:/Users/mahmoud/Desktop/LectureHall/LectureHall.v Line: 9
Warning (10230): Verilog HDL assignment warning at LectureHall.v(226): truncated value with size 32 to match size of target (10) File: C:/Users/mahmoud/Desktop/LectureHall/LectureHall.v Line: 226
Warning (10230): Verilog HDL assignment warning at LectureHall.v(227): truncated value with size 32 to match size of target (10) File: C:/Users/mahmoud/Desktop/LectureHall/LectureHall.v Line: 227
Warning (10230): Verilog HDL assignment warning at LectureHall.v(228): truncated value with size 32 to match size of target (22) File: C:/Users/mahmoud/Desktop/LectureHall/LectureHall.v Line: 228
Warning (10230): Verilog HDL assignment warning at LectureHall.v(237): truncated value with size 33 to match size of target (21) File: C:/Users/mahmoud/Desktop/LectureHall/LectureHall.v Line: 237
Info (278001): Inferred 3 megafunctions from design logic
    Info (278004): Inferred divider/modulo megafunction ("lpm_divide") from the following logic: "sonic:X|Div0" File: C:/Users/mahmoud/Desktop/LectureHall/LectureHall.v Line: 237
    Info (278004): Inferred divider/modulo megafunction ("lpm_divide") from the following logic: "sonic:Y|Div0" File: C:/Users/mahmoud/Desktop/LectureHall/LectureHall.v Line: 237
    Info (278003): Inferred multiplier megafunction ("lpm_mult") from the following logic: "Mult0" File: C:/Users/mahmoud/Desktop/LectureHall/LectureHall.v Line: 140
Info (12130): Elaborated megafunction instantiation "sonic:X|lpm_divide:Div0" File: C:/Users/mahmoud/Desktop/LectureHall/LectureHall.v Line: 237
Info (12133): Instantiated megafunction "sonic:X|lpm_divide:Div0" with the following parameter: File: C:/Users/mahmoud/Desktop/LectureHall/LectureHall.v Line: 237
    Info (12134): Parameter "LPM_WIDTHN" = "33"
    Info (12134): Parameter "LPM_WIDTHD" = "6"
    Info (12134): Parameter "LPM_NREPRESENTATION" = "UNSIGNED"
    Info (12134): Parameter "LPM_DREPRESENTATION" = "UNSIGNED"
Info (12021): Found 1 design units, including 1 entities, in source file db/lpm_divide_ptl.tdf
    Info (12023): Found entity 1: lpm_divide_ptl File: C:/Users/mahmoud/Desktop/LectureHall/db/lpm_divide_ptl.tdf Line: 25
Info (12021): Found 1 design units, including 1 entities, in source file db/sign_div_unsign_rlh.tdf
    Info (12023): Found entity 1: sign_div_unsign_rlh File: C:/Users/mahmoud/Desktop/LectureHall/db/sign_div_unsign_rlh.tdf Line: 25
Info (12021): Found 1 design units, including 1 entities, in source file db/alt_u_div_0ie.tdf
    Info (12023): Found entity 1: alt_u_div_0ie File: C:/Users/mahmoud/Desktop/LectureHall/db/alt_u_div_0ie.tdf Line: 27
Info (12021): Found 1 design units, including 1 entities, in source file db/add_sub_t3c.tdf
    Info (12023): Found entity 1: add_sub_t3c File: C:/Users/mahmoud/Desktop/LectureHall/db/add_sub_t3c.tdf Line: 23
Info (12021): Found 1 design units, including 1 entities, in source file db/add_sub_u3c.tdf
    Info (12023): Found entity 1: add_sub_u3c File: C:/Users/mahmoud/Desktop/LectureHall/db/add_sub_u3c.tdf Line: 23
Info (12130): Elaborated megafunction instantiation "lpm_mult:Mult0" File: C:/Users/mahmoud/Desktop/LectureHall/LectureHall.v Line: 140
Info (12133): Instantiated megafunction "lpm_mult:Mult0" with the following parameter: File: C:/Users/mahmoud/Desktop/LectureHall/LectureHall.v Line: 140
    Info (12134): Parameter "LPM_WIDTHA" = "4"
    Info (12134): Parameter "LPM_WIDTHB" = "7"
    Info (12134): Parameter "LPM_WIDTHP" = "11"
    Info (12134): Parameter "LPM_WIDTHR" = "11"
    Info (12134): Parameter "LPM_WIDTHS" = "1"
    Info (12134): Parameter "LPM_REPRESENTATION" = "UNSIGNED"
    Info (12134): Parameter "INPUT_A_IS_CONSTANT" = "NO"
    Info (12134): Parameter "INPUT_B_IS_CONSTANT" = "YES"
    Info (12134): Parameter "MAXIMIZE_SPEED" = "5"
Info (12131): Elaborated megafunction instantiation "lpm_mult:Mult0|multcore:mult_core", which is child of megafunction instantiation "lpm_mult:Mult0" File: c:/altera_lite/15.1/quartus/libraries/megafunctions/lpm_mult.tdf Line: 308
Info (12131): Elaborated megafunction instantiation "lpm_mult:Mult0|multcore:mult_core|mpar_add:padder", which is child of megafunction instantiation "lpm_mult:Mult0" File: c:/altera_lite/15.1/quartus/libraries/megafunctions/multcore.tdf Line: 229
Info (12131): Elaborated megafunction instantiation "lpm_mult:Mult0|altshift:external_latency_ffs", which is child of megafunction instantiation "lpm_mult:Mult0" File: c:/altera_lite/15.1/quartus/libraries/megafunctions/lpm_mult.tdf Line: 351
Warning (13024): Output pins are stuck at VCC or GND
    Warning (13410): Pin "temp2[1]" is stuck at GND File: C:/Users/mahmoud/Desktop/LectureHall/LectureHall.v Line: 2
    Warning (13410): Pin "temp2[5]" is stuck at VCC File: C:/Users/mahmoud/Desktop/LectureHall/LectureHall.v Line: 2
Info (286030): Timing-Driven Synthesis is running
Info (16010): Generating hard_block partition "hard_block:auto_generated_inst"
    Info (16011): Adding 0 node(s), including 0 DDIO, 0 PLL, 0 transceiver and 0 LCELL
Info (21057): Implemented 1467 device resources after synthesis - the final resource count might be different
    Info (21058): Implemented 3 input pins
    Info (21059): Implemented 39 output pins
    Info (21061): Implemented 1425 logic cells
Info: Quartus Prime Analysis & Synthesis was successful. 0 errors, 23 warnings
    Info: Peak virtual memory: 792 megabytes
    Info: Processing ended: Sun Dec 09 19:44:09 2018
    Info: Elapsed time: 00:00:20
    Info: Total CPU time (on all processors): 00:00:43


